<?xml version="1.0" encoding="UTF-8"?>
<testng-results total="1" passed="1" failed="0" skipped="0">
  <reporter-output>
  </reporter-output>
  <suite started-at="2022-11-13T12:30:11Z" name="Default suite" finished-at="2022-11-13T12:30:20Z" duration-ms="8880">
    <groups>
    </groups>
    <test started-at="2022-11-13T12:30:11Z" name="Default test" finished-at="2022-11-13T12:30:20Z" duration-ms="8880">
      <class name="testCases.FileUoloadDemo2">
        <test-method is-config="true" signature="setup()[pri:0, instance:testCases.FileUoloadDemo2@7922d892]" started-at="2022-11-13T13:30:11Z" name="setup" finished-at="2022-11-13T13:30:16Z" duration-ms="5026" status="PASS">
          <reporter-output>
          </reporter-output>
        </test-method> <!-- setup -->
        <test-method signature="robotTest()[pri:0, instance:testCases.FileUoloadDemo2@7922d892]" started-at="2022-11-13T13:30:16Z" name="robotTest" finished-at="2022-11-13T13:30:19Z" duration-ms="3656" status="PASS">
          <reporter-output>
          </reporter-output>
        </test-method> <!-- robotTest -->
        <test-method is-config="true" signature="tearDown()[pri:0, instance:testCases.FileUoloadDemo2@7922d892]" started-at="2022-11-13T13:30:19Z" name="tearDown" finished-at="2022-11-13T13:30:20Z" duration-ms="185" status="PASS">
          <reporter-output>
          </reporter-output>
        </test-method> <!-- tearDown -->
      </class> <!-- testCases.FileUoloadDemo2 -->
    </test> <!-- Default test -->
  </suite> <!-- Default suite -->
</testng-results>
